"C:\Program Files\RDP Wrapper\autoupdate.bat" output from 15.02.2020 at 22:35:58,82 
___________________________________________
Automatic RDP Wrapper installer and updater

<check if the RDP Wrapper is up-to-date and working>

[+] TermService running.
[+] Found listener session: rdp-tcp (ID: 65536).
[+] Found windows registry entry for "rdpwrap.dll".
[+] Found file: "C:\Program Files\RDP Wrapper\rdpwrap.ini".
[+] Installed "termsrv.dll" version: 10.0.14393.3471.
[*] Read last "termsrv.dll" version from the windows registry...
[+] Current "termsrv.dll v.10.0.14393.3471" same as last "termsrv.dll v.10.0.14393.3471".
[+] Current "termsrv.dll v.10.0.14393.3471" same as last supported version "termsrv.dll v.10.0.14393.3471".
[*] Last saved not supported version of termsrv.dll is [10.0.14393.3503]
[*] Start searching [10.0.14393.3471] version entry in file "C:\Program Files\RDP Wrapper\rdpwrap.ini"...
[+] Found "termsrv.dll" version entry [10.0.14393.3471] in file "C:\Program Files\RDP Wrapper\rdpwrap.ini".
[*] Start searching saved not supported [10.0.14393.3503] version entry in file "C:\Program Files\RDP Wrapper\rdpwrap.ini"...
[-] Not found. Try download next lication...

[*] Download latest version of rdpwrap.ini from GitHub...
    -> "https://raw.githubusercontent.com/asmtron/rdpwrap/master/res/rdpwrap.ini"
[+] Successfully download from GitHhub latest version to "C:\Program Files\RDP Wrapper\rdpwrap_new.ini".
[*] Start searching saved not supported [10.0.14393.3503] version entry in file "C:\Program Files\RDP Wrapper\rdpwrap_new.ini"...
[+] Support of the last unsupported version 10.0.14393.3503 has been found in ini-file, let's update dll...
[*] Rewrite current supported version 10.0.14393.3471 to the newly supported one 10.0.14393.3503
RDP Wrapper Library v1.6.2
Installer v2.5
Copyright (C) Stas'M Corp. 2017

[*] Uninstalling...
[+] TermService found (pid 160).
[*] Shared services found: CryptSvc, Dnscache, LanmanWorkstation, NlaSvc
[*] Resetting service library...
[*] Terminating service...
[*] Removing files...
[+] Removed file: C:\Program Files\RDP Wrapper\rdpwrap.ini
[+] Removed file: C:\Program Files\RDP Wrapper\rdpwrap.dll
[-] RemoveDirectory error (code 145).
[*] Starting CryptSvc...
[*] Starting Dnscache...
[*] Starting LanmanWorkstation...
[*] Starting NlaSvc...
[*] Starting TermService...
[+] Successfully uninstalled.
Следующие службы являются зависимыми от службы "Службы удаленных рабочих столов".
Останов службы "Службы удаленных рабочих столов" приведет также к останову этих служб.

   Перенаправитель портов пользовательского режима служб удаленных рабочих столов

Служба "Перенаправитель портов пользовательского режима служб удаленных рабочих столов" останавливается.
Служба "Перенаправитель портов пользовательского режима служб удаленных рабочих столов" успешно остановлена.

Служба "Службы удаленных рабочих столов" останавливается.........................................................................
Не удалось остановить службу "Службы удаленных рабочих столов".


Успех. Владельцем файла (или папки) "C:\Windows\System32\termsrv.dll" является группа администраторов.
обработанный файл: C:\Windows\System32\termsrv.dll
Успешно обработано 1 файлов; не удалось обработать 0 файлов
Скопировано файлов:         0.
Служба запускается или останавливается.  Повторите попытку позже.

RDP Wrapper Library v1.6.2
Installer v2.5
Copyright (C) Stas'M Corp. 2017

[*] Notice to user:
  - By using all or any portion of this software, you are agreeing
  to be bound by all the terms and conditions of the license agreement.
  - To read the license agreement, run the installer with -l parameter.
  - If you do not agree to any terms of the license agreement,
  do not use the software.
[*] Installing...
[*] Terminal Services version: 10.0.14393.3471
[-] This version of Terminal Services is not supported.
Try running "update.bat" or "RDPWInst -w" to download latest INI file.
If it doesn't help, send your termsrv.dll to project developer for support.
[+] TermService found (pid 11140).
[*] Shared services found: CryptSvc, Dnscache, LanmanWorkstation, NlaSvc
[*] Extracting files...
[+] Extracted config -> C:\Program Files\RDP Wrapper\rdpwrap.ini
[+] Extracted rdpw64 -> C:\Program Files\RDP Wrapper\rdpwrap.dll
[*] Configuring service library...
[*] Checking dependencies...
[*] Checking CertPropSvc...
[*] Checking SessionEnv...
[*] Terminating service...
[*] Starting CryptSvc...
[*] Starting Dnscache...
[-] StartService error (code 1056).
[*] Starting LanmanWorkstation...
[*] Starting NlaSvc...
[-] StartService error (code 1056).ОК.


[*] Starting TermService...
[*] Configuring registry...
[*] Configuring firewall...
[+] Successfully installed.
[*] Start streaming "C:\Program Files\RDP Wrapper\rdpwrap_new.ini" to "C:\Program Files\RDP Wrapper\rdpwrap.ini"...
[+] Update of "C:\Program Files\RDP Wrapper\rdpwrap.ini" finished successfully.

[*] Restart RDP Wrapper...

RDP Wrapper Library v1.6.2
Installer v2.5
Copyright (C) Stas'M Corp. 2017

[*] Restarting...
[+] TermService found (pid 7188).
[*] Shared services found: CryptSvc, Dnscache, LanmanWorkstation, NlaSvc
[*] Terminating service...
[*] Starting CryptSvc...
[*] Starting Dnscache...
[-] StartService error (code 1056).
[*] Starting LanmanWorkstation...
[*] Starting NlaSvc...
[*] Starting TermService...
[+] Done.
[*] Set Network Level Authentication in the windows registry...
Операция успешно завершена.
Операция успешно завершена.
[*] Saving current supported version ["10.0.14393.3503"] in registry as current and as last supported. And remove not supported version
Операция успешно завершена.
Операция успешно завершена.
Операция успешно завершена.
[*] RDP Wrapper seems to be up-to-date and working...

test edit
